with open("logs/bot.log", "a") as f:
    f.write("HELLO LOG\n")2026-04-21 13:50:38,152 - INFO - place_order() function called
2026-04-21 13:50:38,153 - INFO - Request: {'symbol': 'BTCUSDT', 'side': 'BUY', 'type': 'MARKET', 'quantity': 0.001}
2026-04-21 13:50:38,153 - ERROR - Error: API Secret required for private endpoints
Traceback (most recent call last):
  File "C:\Users\lenovo\binance-trading-bot\app\trading.py", line 45, in place_order
    response = self.client.place_order(**params)
  File "C:\Users\lenovo\binance-trading-bot\app\client.py", line 17, in place_order
    return self.client.futures_create_order(**params)
           ~~~~~~~~~~~~~~~~~~~~~~~~~~~~~~~~^^^^^^^^^^
  File "C:\Users\lenovo\binance-trading-bot\venv\Lib\site-packages\binance\client.py", line 7951, in futures_create_order
    return self._request_futures_api("post", "order", True, data=params)
           ~~~~~~~~~~~~~~~~~~~~~~~~~^^^^^^^^^^^^^^^^^^^^^^^^^^^^^^^^^^^^
  File "C:\Users\lenovo\binance-trading-bot\venv\Lib\site-packages\binance\client.py", line 144, in _request_futures_api
    return self._request(method, uri, signed, force_params, **kwargs)
           ~~~~~~~~~~~~~^^^^^^^^^^^^^^^^^^^^^^^^^^^^^^^^^^^^^^^^^^^^^
  File "C:\Users\lenovo\binance-trading-bot\venv\Lib\site-packages\binance\client.py", line 79, in _request
    kwargs = self._get_request_kwargs(method, signed, force_params, **kwargs)
  File "C:\Users\lenovo\binance-trading-bot\venv\Lib\site-packages\binance\base_client.py", line 524, in _get_request_kwargs
    kwargs["data"]["signature"] = self._generate_signature(kwargs["data"])
                                  ~~~~~~~~~~~~~~~~~~~~~~~~^^^^^^^^^^^^^^^^
  File "C:\Users\lenovo\binance-trading-bot\venv\Lib\site-packages\binance\base_client.py", line 401, in _generate_signature
    res = sig_func(query_string)
  File "C:\Users\lenovo\binance-trading-bot\venv\Lib\site-packages\binance\base_client.py", line 385, in _hmac_signature
    assert self.API_SECRET, "API Secret required for private endpoints"
           ^^^^^^^^^^^^^^^
AssertionError: API Secret required for private endpoints
2026-04-21 13:52:27,005 - INFO - place_order() function called
2026-04-21 13:52:27,007 - INFO - Request: {'symbol': 'BTCUSDT', 'side': 'BUY', 'type': 'MARKET', 'quantity': 0.001}
2026-04-21 13:52:27,008 - ERROR - Error: API Secret required for private endpoints
Traceback (most recent call last):
  File "C:\Users\lenovo\binance-trading-bot\app\trading.py", line 45, in place_order
    response = self.client.place_order(**params)
  File "C:\Users\lenovo\binance-trading-bot\app\client.py", line 17, in place_order
    return self.client.futures_create_order(**params)
           ~~~~~~~~~~~~~~~~~~~~~~~~~~~~~~~~^^^^^^^^^^
  File "C:\Users\lenovo\binance-trading-bot\venv\Lib\site-packages\binance\client.py", line 7951, in futures_create_order
    return self._request_futures_api("post", "order", True, data=params)
           ~~~~~~~~~~~~~~~~~~~~~~~~~^^^^^^^^^^^^^^^^^^^^^^^^^^^^^^^^^^^^
  File "C:\Users\lenovo\binance-trading-bot\venv\Lib\site-packages\binance\client.py", line 144, in _request_futures_api
    return self._request(method, uri, signed, force_params, **kwargs)
           ~~~~~~~~~~~~~^^^^^^^^^^^^^^^^^^^^^^^^^^^^^^^^^^^^^^^^^^^^^
  File "C:\Users\lenovo\binance-trading-bot\venv\Lib\site-packages\binance\client.py", line 79, in _request
    kwargs = self._get_request_kwargs(method, signed, force_params, **kwargs)
  File "C:\Users\lenovo\binance-trading-bot\venv\Lib\site-packages\binance\base_client.py", line 524, in _get_request_kwargs
    kwargs["data"]["signature"] = self._generate_signature(kwargs["data"])
                                  ~~~~~~~~~~~~~~~~~~~~~~~~^^^^^^^^^^^^^^^^
  File "C:\Users\lenovo\binance-trading-bot\venv\Lib\site-packages\binance\base_client.py", line 401, in _generate_signature
    res = sig_func(query_string)
  File "C:\Users\lenovo\binance-trading-bot\venv\Lib\site-packages\binance\base_client.py", line 385, in _hmac_signature
    assert self.API_SECRET, "API Secret required for private endpoints"
           ^^^^^^^^^^^^^^^
AssertionError: API Secret required for private endpoints
2026-04-21 13:54:32,819 - INFO - place_order() function called
2026-04-21 13:54:32,820 - INFO - Request: {'symbol': 'BTCUSDT', 'side': 'BUY', 'type': 'MARKET', 'quantity': 0.001}
2026-04-21 13:54:32,820 - ERROR - Error: API Secret required for private endpoints
Traceback (most recent call last):
  File "C:\Users\lenovo\binance-trading-bot\app\trading.py", line 45, in place_order
    response = self.client.place_order(**params)
  File "C:\Users\lenovo\binance-trading-bot\app\client.py", line 17, in place_order
    return self.client.futures_create_order(**params)
           ~~~~~~~~~~~~~~~~~~~~~~~~~~~~~~~~^^^^^^^^^^
  File "C:\Users\lenovo\binance-trading-bot\venv\Lib\site-packages\binance\client.py", line 7951, in futures_create_order
    return self._request_futures_api("post", "order", True, data=params)
           ~~~~~~~~~~~~~~~~~~~~~~~~~^^^^^^^^^^^^^^^^^^^^^^^^^^^^^^^^^^^^
  File "C:\Users\lenovo\binance-trading-bot\venv\Lib\site-packages\binance\client.py", line 144, in _request_futures_api
    return self._request(method, uri, signed, force_params, **kwargs)
           ~~~~~~~~~~~~~^^^^^^^^^^^^^^^^^^^^^^^^^^^^^^^^^^^^^^^^^^^^^
  File "C:\Users\lenovo\binance-trading-bot\venv\Lib\site-packages\binance\client.py", line 79, in _request
    kwargs = self._get_request_kwargs(method, signed, force_params, **kwargs)
  File "C:\Users\lenovo\binance-trading-bot\venv\Lib\site-packages\binance\base_client.py", line 524, in _get_request_kwargs
    kwargs["data"]["signature"] = self._generate_signature(kwargs["data"])
                                  ~~~~~~~~~~~~~~~~~~~~~~~~^^^^^^^^^^^^^^^^
  File "C:\Users\lenovo\binance-trading-bot\venv\Lib\site-packages\binance\base_client.py", line 401, in _generate_signature
    res = sig_func(query_string)
  File "C:\Users\lenovo\binance-trading-bot\venv\Lib\site-packages\binance\base_client.py", line 385, in _hmac_signature
    assert self.API_SECRET, "API Secret required for private endpoints"
           ^^^^^^^^^^^^^^^
AssertionError: API Secret required for private endpoints
2026-04-21 13:56:19,762 - INFO - place_order() function called
2026-04-21 13:56:19,763 - INFO - Request: {'symbol': 'BTCUSDT', 'side': 'BUY', 'type': 'MARKET', 'quantity': 0.001}
2026-04-21 13:56:22,014 - ERROR - Error: APIError(code=-2015): Invalid API-key, IP, or permissions for action
Traceback (most recent call last):
  File "C:\Users\lenovo\binance-trading-bot\app\trading.py", line 45, in place_order
    response = self.client.place_order(**params)
  File "C:\Users\lenovo\binance-trading-bot\app\client.py", line 17, in place_order
    return self.client.futures_create_order(**params)
           ~~~~~~~~~~~~~~~~~~~~~~~~~~~~~~~~^^^^^^^^^^
  File "C:\Users\lenovo\binance-trading-bot\venv\Lib\site-packages\binance\client.py", line 7951, in futures_create_order
    return self._request_futures_api("post", "order", True, data=params)
           ~~~~~~~~~~~~~~~~~~~~~~~~~^^^^^^^^^^^^^^^^^^^^^^^^^^^^^^^^^^^^
  File "C:\Users\lenovo\binance-trading-bot\venv\Lib\site-packages\binance\client.py", line 144, in _request_futures_api
    return self._request(method, uri, signed, force_params, **kwargs)
           ~~~~~~~~~~~~~^^^^^^^^^^^^^^^^^^^^^^^^^^^^^^^^^^^^^^^^^^^^^
  File "C:\Users\lenovo\binance-trading-bot\venv\Lib\site-packages\binance\client.py", line 107, in _request
    return self._handle_response(self.response)
           ~~~~~~~~~~~~~~~~~~~~~^^^^^^^^^^^^^^^
  File "C:\Users\lenovo\binance-trading-bot\venv\Lib\site-packages\binance\client.py", line 116, in _handle_response
    raise BinanceAPIException(response, response.status_code, response.text)
binance.exceptions.BinanceAPIException: APIError(code=-2015): Invalid API-key, IP, or permissions for action
2026-04-21 20:51:47,177 - INFO - place_order() function called
2026-04-21 20:51:47,186 - INFO - Request: {'symbol': 'BTCUSDT', 'side': 'BUY', 'type': 'MARKET', 'quantity': 0.001}
2026-04-21 20:51:49,429 - ERROR - Error: APIError(code=-2015): Invalid API-key, IP, or permissions for action
Traceback (most recent call last):
  File "C:\Users\lenovo\binance-trading-bot\app\trading.py", line 45, in place_order
    response = self.client.place_order(**params)
  File "C:\Users\lenovo\binance-trading-bot\app\client.py", line 17, in place_order
    return self.client.futures_create_order(**params)
           ~~~~~~~~~~~~~~~~~~~~~~~~~~~~~~~~^^^^^^^^^^
  File "C:\Users\lenovo\binance-trading-bot\venv\Lib\site-packages\binance\client.py", line 7951, in futures_create_order
    return self._request_futures_api("post", "order", True, data=params)
           ~~~~~~~~~~~~~~~~~~~~~~~~~^^^^^^^^^^^^^^^^^^^^^^^^^^^^^^^^^^^^
  File "C:\Users\lenovo\binance-trading-bot\venv\Lib\site-packages\binance\client.py", line 144, in _request_futures_api
    return self._request(method, uri, signed, force_params, **kwargs)
           ~~~~~~~~~~~~~^^^^^^^^^^^^^^^^^^^^^^^^^^^^^^^^^^^^^^^^^^^^^
  File "C:\Users\lenovo\binance-trading-bot\venv\Lib\site-packages\binance\client.py", line 107, in _request
    return self._handle_response(self.response)
           ~~~~~~~~~~~~~~~~~~~~~^^^^^^^^^^^^^^^
  File "C:\Users\lenovo\binance-trading-bot\venv\Lib\site-packages\binance\client.py", line 116, in _handle_response
    raise BinanceAPIException(response, response.status_code, response.text)
binance.exceptions.BinanceAPIException: APIError(code=-2015): Invalid API-key, IP, or permissions for action
2026-04-21 20:53:43,068 - INFO - place_order() function called
2026-04-21 20:53:43,069 - INFO - Request: {'symbol': 'BTCUSDT', 'side': 'BUY', 'type': 'MARKET', 'quantity': 0.001}
2026-04-21 20:53:45,447 - ERROR - Error: APIError(code=-2015): Invalid API-key, IP, or permissions for action
Traceback (most recent call last):
  File "C:\Users\lenovo\binance-trading-bot\app\trading.py", line 45, in place_order
    response = self.client.place_order(**params)
  File "C:\Users\lenovo\binance-trading-bot\app\client.py", line 17, in place_order
    return self.client.futures_create_order(**params)
           ~~~~~~~~~~~~~~~~~~~~~~~~~~~~~~~~^^^^^^^^^^
  File "C:\Users\lenovo\binance-trading-bot\venv\Lib\site-packages\binance\client.py", line 7951, in futures_create_order
    return self._request_futures_api("post", "order", True, data=params)
           ~~~~~~~~~~~~~~~~~~~~~~~~~^^^^^^^^^^^^^^^^^^^^^^^^^^^^^^^^^^^^
  File "C:\Users\lenovo\binance-trading-bot\venv\Lib\site-packages\binance\client.py", line 144, in _request_futures_api
    return self._request(method, uri, signed, force_params, **kwargs)
           ~~~~~~~~~~~~~^^^^^^^^^^^^^^^^^^^^^^^^^^^^^^^^^^^^^^^^^^^^^
  File "C:\Users\lenovo\binance-trading-bot\venv\Lib\site-packages\binance\client.py", line 107, in _request
    return self._handle_response(self.response)
           ~~~~~~~~~~~~~~~~~~~~~^^^^^^^^^^^^^^^
  File "C:\Users\lenovo\binance-trading-bot\venv\Lib\site-packages\binance\client.py", line 116, in _handle_response
    raise BinanceAPIException(response, response.status_code, response.text)
binance.exceptions.BinanceAPIException: APIError(code=-2015): Invalid API-key, IP, or permissions for action
2026-04-21 21:19:21,842 - INFO - place_order() function called
2026-04-21 21:19:21,843 - INFO - Request: {'symbol': 'BTCUSDT', 'side': 'BUY', 'type': 'MARKET', 'quantity': 0.001}
2026-04-21 21:19:24,193 - INFO - Response: {'orderId': 13058161625, 'symbol': 'BTCUSDT', 'status': 'NEW', 'clientOrderId': 'x-Cb7ytekJe17f1962ad0bcd1b57ee3a', 'price': '0.00', 'avgPrice': '0.00', 'origQty': '0.0010', 'executedQty': '0.0000', 'cumQty': '0.0000', 'cumQuote': '0.000000', 'timeInForce': 'GTC', 'type': 'MARKET', 'reduceOnly': False, 'closePosition': False, 'side': 'BUY', 'positionSide': 'BOTH', 'stopPrice': '0.00', 'workingType': 'CONTRACT_PRICE', 'priceProtect': False, 'origType': 'MARKET', 'priceMatch': 'NONE', 'selfTradePreventionMode': 'EXPIRE_MAKER', 'goodTillDate': 0, 'updateTime': 1776786563225}
2026-04-21 21:24:23,218 - INFO - place_order() function called
2026-04-21 21:24:23,219 - INFO - Request: {'symbol': 'BTCUSDT', 'side': 'BUY', 'type': 'LIMIT', 'quantity': 0.001, 'price': 10000.0, 'timeInForce': 'GTC'}
2026-04-21 21:24:25,478 - ERROR - Error: APIError(code=-4164): Order's notional must be no smaller than 50 (unless you choose reduce only).
Traceback (most recent call last):
  File "C:\Users\lenovo\binance-trading-bot\app\trading.py", line 45, in place_order
    response = self.client.place_order(**params)
  File "C:\Users\lenovo\binance-trading-bot\app\client.py", line 17, in place_order
    return self.client.futures_create_order(**params)
           ~~~~~~~~~~~~~~~~~~~~~~~~~~~~~~~~^^^^^^^^^^
  File "C:\Users\lenovo\binance-trading-bot\venv\Lib\site-packages\binance\client.py", line 7951, in futures_create_order
    return self._request_futures_api("post", "order", True, data=params)
           ~~~~~~~~~~~~~~~~~~~~~~~~~^^^^^^^^^^^^^^^^^^^^^^^^^^^^^^^^^^^^
  File "C:\Users\lenovo\binance-trading-bot\venv\Lib\site-packages\binance\client.py", line 144, in _request_futures_api
    return self._request(method, uri, signed, force_params, **kwargs)
           ~~~~~~~~~~~~~^^^^^^^^^^^^^^^^^^^^^^^^^^^^^^^^^^^^^^^^^^^^^
  File "C:\Users\lenovo\binance-trading-bot\venv\Lib\site-packages\binance\client.py", line 107, in _request
    return self._handle_response(self.response)
           ~~~~~~~~~~~~~~~~~~~~~^^^^^^^^^^^^^^^
  File "C:\Users\lenovo\binance-trading-bot\venv\Lib\site-packages\binance\client.py", line 116, in _handle_response
    raise BinanceAPIException(response, response.status_code, response.text)
binance.exceptions.BinanceAPIException: APIError(code=-4164): Order's notional must be no smaller than 50 (unless you choose reduce only).
2026-04-21 21:26:02,007 - INFO - place_order() function called
2026-04-21 21:26:02,009 - INFO - Request: {'symbol': 'BTCUSDT', 'side': 'BUY', 'type': 'LIMIT', 'quantity': 0.005, 'price': 10000.0, 'timeInForce': 'GTC'}
2026-04-21 21:26:04,362 - INFO - Response: {'orderId': 13058179552, 'symbol': 'BTCUSDT', 'status': 'NEW', 'clientOrderId': 'x-Cb7ytekJd9a257eb86a59fd2d6789d', 'price': '10000.00', 'avgPrice': '0.00', 'origQty': '0.0050', 'executedQty': '0.0000', 'cumQty': '0.0000', 'cumQuote': '0.000000', 'timeInForce': 'GTC', 'type': 'LIMIT', 'reduceOnly': False, 'closePosition': False, 'side': 'BUY', 'positionSide': 'BOTH', 'stopPrice': '0.00', 'workingType': 'CONTRACT_PRICE', 'priceProtect': False, 'origType': 'LIMIT', 'priceMatch': 'NONE', 'selfTradePreventionMode': 'EXPIRE_MAKER', 'goodTillDate': 0, 'updateTime': 1776786963408}
